# JRE version: Java(TM) SE Runtime Environment (8.0_281-b09) (build 1.8.0_281-b09)
# Java VM: Java HotSpot(TM) 64-Bit Server VM (25.281-b09 mixed mode windows-amd64 compressed oops)
Heap:
 PSYoungGen      total 171008K, used 32770K [0x00000000eb300000, 0x00000000f9900000, 0x0000000100000000)
  eden space 162816K, 20% used [0x00000000eb300000,0x00000000ed300be8,0x00000000f5200000)
  from space 8192K, 0% used [0x00000000f5200000,0x00000000f5200000,0x00000000f5a00000)
  to   space 16896K, 0% used [0x00000000f8880000,0x00000000f8880000,0x00000000f9900000)
 ParOldGen       total 36352K, used 35849K [0x00000000c1800000, 0x00000000c3b80000, 0x00000000eb300000)
  object space 36352K, 98% used [0x00000000c1800000,0x00000000c3b02520,0x00000000c3b80000)
 Metaspace       used 29353K, capacity 30328K, committed 30592K, reserved 1077248K
  class space    used 3405K, capacity 3665K, committed 3712K, reserved 1048576K
GC Heap History (10 events):
Event: 15.719 GC heap before
{Heap before GC invocations=11 (full 0):
 PSYoungGen      total 108544K, used 47987K [0x00000000eb300000, 0x00000000f2680000, 0x0000000100000000)
  eden space 103424K, 41% used [0x00000000eb300000,0x00000000edce4120,0x00000000f1800000)
  from space 5120K, 99% used [0x00000000f1e80000,0x00000000f2378d78,0x00000000f2380000)
  to   space 6656K, 0% used [0x00000000f1800000,0x00000000f1800000,0x00000000f1e80000)
 ParOldGen       total 44032K, used 8446K [0x00000000c1800000, 0x00000000c4300000, 0x00000000eb300000)
  object space 44032K, 19% used [0x00000000c1800000,0x00000000c203fb98,0x00000000c4300000)
 Metaspace       used 20496K, capacity 21118K, committed 21296K, reserved 1069056K
  class space    used 2449K, capacity 2675K, committed 2688K, reserved 1048576K
Event: 15.737 GC heap after
Heap after GC invocations=11 (full 0):
 PSYoungGen      total 110080K, used 5904K [0x00000000eb300000, 0x00000000f6400000, 0x0000000100000000)
  eden space 103424K, 0% used [0x00000000eb300000,0x00000000eb300000,0x00000000f1800000)
  from space 6656K, 88% used [0x00000000f1800000,0x00000000f1dc4248,0x00000000f1e80000)
  to   space 7680K, 0% used [0x00000000f5c80000,0x00000000f5c80000,0x00000000f6400000)
 ParOldGen       total 44032K, used 10204K [0x00000000c1800000, 0x00000000c4300000, 0x00000000eb300000)
  object space 44032K, 23% used [0x00000000c1800000,0x00000000c21f7048,0x00000000c4300000)
 Metaspace       used 20496K, capacity 21118K, committed 21296K, reserved 1069056K
  class space    used 2449K, capacity 2675K, committed 2688K, reserved 1048576K
}
Event: 15.737 GC heap before
{Heap before GC invocations=12 (full 1):
 PSYoungGen      total 110080K, used 5904K [0x00000000eb300000, 0x00000000f6400000, 0x0000000100000000)
  eden space 103424K, 0% used [0x00000000eb300000,0x00000000eb300000,0x00000000f1800000)
  from space 6656K, 88% used [0x00000000f1800000,0x00000000f1dc4248,0x00000000f1e80000)
  to   space 7680K, 0% used [0x00000000f5c80000,0x00000000f5c80000,0x00000000f6400000)
 ParOldGen       total 44032K, used 10204K [0x00000000c1800000, 0x00000000c4300000, 0x00000000eb300000)
  object space 44032K, 23% used [0x00000000c1800000,0x00000000c21f7048,0x00000000c4300000)
 Metaspace       used 20496K, capacity 21118K, committed 21296K, reserved 1069056K
  class space    used 2449K, capacity 2675K, committed 2688K, reserved 1048576K
Event: 15.815 GC heap after
Heap after GC invocations=12 (full 1):
 PSYoungGen      total 110080K, used 0K [0x00000000eb300000, 0x00000000f6400000, 0x0000000100000000)
  eden space 103424K, 0% used [0x00000000eb300000,0x00000000eb300000,0x00000000f1800000)
  from space 6656K, 0% used [0x00000000f1800000,0x00000000f1800000,0x00000000f1e80000)
  to   space 7680K, 0% used [0x00000000f5c80000,0x00000000f5c80000,0x00000000f6400000)
 ParOldGen       total 36352K, used 12061K [0x00000000c1800000, 0x00000000c3b80000, 0x00000000eb300000)
  object space 36352K, 33% used [0x00000000c1800000,0x00000000c23c7650,0x00000000c3b80000)
 Metaspace       used 20496K, capacity 21118K, committed 21296K, reserved 1069056K
  class space    used 2449K, capacity 2675K, committed 2688K, reserved 1048576K
}
Event: 19.074 GC heap before
{Heap before GC invocations=13 (full 1):
 PSYoungGen      total 110080K, used 103424K [0x00000000eb300000, 0x00000000f6400000, 0x0000000100000000)
  eden space 103424K, 100% used [0x00000000eb300000,0x00000000f1800000,0x00000000f1800000)
  from space 6656K, 0% used [0x00000000f1800000,0x00000000f1800000,0x00000000f1e80000)
  to   space 7680K, 0% used [0x00000000f5c80000,0x00000000f5c80000,0x00000000f6400000)
 ParOldGen       total 36352K, used 12061K [0x00000000c1800000, 0x00000000c3b80000, 0x00000000eb300000)
  object space 36352K, 33% used [0x00000000c1800000,0x00000000c23c7650,0x00000000c3b80000)
 Metaspace       used 22501K, capacity 23318K, committed 23680K, reserved 1071104K
  class space    used 2627K, capacity 2863K, committed 2944K, reserved 1048576K
Event: 19.088 GC heap after
Heap after GC invocations=13 (full 1):
 PSYoungGen      total 150528K, used 5453K [0x00000000eb300000, 0x00000000f6200000, 0x0000000100000000)
  eden space 144896K, 0% used [0x00000000eb300000,0x00000000eb300000,0x00000000f4080000)
  from space 5632K, 96% used [0x00000000f5c80000,0x00000000f61d3730,0x00000000f6200000)
  to   space 8192K, 0% used [0x00000000f5200000,0x00000000f5200000,0x00000000f5a00000)
 ParOldGen       total 36352K, used 12069K [0x00000000c1800000, 0x00000000c3b80000, 0x00000000eb300000)
  object space 36352K, 33% used [0x00000000c1800000,0x00000000c23c9650,0x00000000c3b80000)
 Metaspace       used 22501K, capacity 23318K, committed 23680K, reserved 1071104K
  class space    used 2627K, capacity 2863K, committed 2944K, reserved 1048576K
}
Event: 24.016 GC heap before
{Heap before GC invocations=14 (full 1):
 PSYoungGen      total 150528K, used 150349K [0x00000000eb300000, 0x00000000f6200000, 0x0000000100000000)
  eden space 144896K, 100% used [0x00000000eb300000,0x00000000f4080000,0x00000000f4080000)
  from space 5632K, 96% used [0x00000000f5c80000,0x00000000f61d3730,0x00000000f6200000)
  to   space 8192K, 0% used [0x00000000f5200000,0x00000000f5200000,0x00000000f5a00000)
 ParOldGen       total 36352K, used 12069K [0x00000000c1800000, 0x00000000c3b80000, 0x00000000eb300000)
  object space 36352K, 33% used [0x00000000c1800000,0x00000000c23c9650,0x00000000c3b80000)
 Metaspace       used 28545K, capacity 29488K, committed 29824K, reserved 1075200K
  class space    used 3329K, capacity 3598K, committed 3712K, reserved 1048576K
Event: 24.055 GC heap after
Heap after GC invocations=14 (full 1):
 PSYoungGen      total 171008K, used 8180K [0x00000000eb300000, 0x00000000f9900000, 0x0000000100000000)
  eden space 162816K, 0% used [0x00000000eb300000,0x00000000eb300000,0x00000000f5200000)
  from space 8192K, 99% used [0x00000000f5200000,0x00000000f59fd140,0x00000000f5a00000)
  to   space 16896K, 0% used [0x00000000f8880000,0x00000000f8880000,0x00000000f9900000)
 ParOldGen       total 36352K, used 32127K [0x00000000c1800000, 0x00000000c3b80000, 0x00000000eb300000)
  object space 36352K, 88% used [0x00000000c1800000,0x00000000c375feb8,0x00000000c3b80000)
 Metaspace       used 28545K, capacity 29488K, committed 29824K, reserved 1075200K
  class space    used 3329K, capacity 3598K, committed 3712K, reserved 1048576K
}
Event: 24.055 GC heap before
{Heap before GC invocations=15 (full 2):
 PSYoungGen      total 171008K, used 8180K [0x00000000eb300000, 0x00000000f9900000, 0x0000000100000000)
  eden space 162816K, 0% used [0x00000000eb300000,0x00000000eb300000,0x00000000f5200000)
  from space 8192K, 99% used [0x00000000f5200000,0x00000000f59fd140,0x00000000f5a00000)
  to   space 16896K, 0% used [0x00000000f8880000,0x00000000f8880000,0x00000000f9900000)
 ParOldGen       total 36352K, used 32127K [0x00000000c1800000, 0x00000000c3b80000, 0x00000000eb300000)
  object space 36352K, 88% used [0x00000000c1800000,0x00000000c375feb8,0x00000000c3b80000)
 Metaspace       used 28545K, capacity 29488K, committed 29824K, reserved 1075200K
  class space    used 3329K, capacity 3598K, committed 3712K, reserved 1048576K
Event: 24.222 GC heap after
Heap after GC invocations=15 (full 2):
 PSYoungGen      total 171008K, used 0K [0x00000000eb300000, 0x00000000f9900000, 0x0000000100000000)
  eden space 162816K, 0% used [0x00000000eb300000,0x00000000eb300000,0x00000000f5200000)
  from space 8192K, 0% used [0x00000000f5200000,0x00000000f5200000,0x00000000f5a00000)
  to   space 16896K, 0% used [0x00000000f8880000,0x00000000f8880000,0x00000000f9900000)
 ParOldGen       total 36352K, used 35849K [0x00000000c1800000, 0x00000000c3b80000, 0x00000000eb300000)
  object space 36352K, 98% used [0x00000000c1800000,0x00000000c3b02520,0x00000000c3b80000)
 Metaspace       used 28545K, capacity 29488K, committed 29824K, reserved 1075200K
  class space    used 3329K, capacity 3598K, committed 3712K, reserved 1048576K
}

